── Attaching core tidyverse packages ──────────────────────── tidyverse 2.0.0 ──
✔ dplyr     1.1.3     ✔ readr     2.1.4
✔ forcats   1.0.0     ✔ stringr   1.5.1
✔ ggplot2   3.4.3     ✔ tibble    3.2.1
✔ lubridate 1.9.2     ✔ tidyr     1.3.0
✔ purrr     1.0.4     
── Conflicts ────────────────────────────────────────── tidyverse_conflicts() ──
✖ dplyr::filter() masks stats::filter()
✖ dplyr::lag()    masks stats::lag()
ℹ Use the conflicted package (<http://conflicted.r-lib.org/>) to force all conflicts to become errors

Attaching package: ‘xgboost’

The following object is masked from ‘package:dplyr’:

    slice

Loading required package: Formula
Loading required package: plotmo
Loading required package: plotrix
Loading required package: TeachingDemos

Attaching package: ‘arrow’

The following object is masked from ‘package:lubridate’:

    duration

The following object is masked from ‘package:utils’:

    timestamp

[1] "CF_folds: 4, Version: earth, moud_period"
ℹ Working on time 1/4...
ℹ Working on time 3/4...
✔ Working on time 4/4... [5.4s]

Loading required package: nnls
Loading required namespace: earth
Loading required package: nnls
Loading required namespace: earth
Loading required package: nnls
Loading required namespace: earth
Loading required package: nnls
Loading required namespace: earth
[1] "Wed Aug 13 16:30:57 2025"
Processing outcome: moud_period, observed: 316.784 sec elapsed
ℹ Working on time 1/4...
ℹ Working on time 2/4...
ℹ Working on time 4/4...
✔ Working on time 4/4... [4.8s]

[1] "Wed Aug 13 16:40:21 2025"
Processing outcome: moud_period, shift_1: 577.748 sec elapsed
ℹ Working on time 1/4...
ℹ Working on time 3/4...
✔ Working on time 4/4... [4.5s]

[1] "Wed Aug 13 16:48:24 2025"
Processing outcome: moud_period, shift_2: 482.766 sec elapsed
ℹ Working on time 1/4...
ℹ Working on time 3/4...
✔ Working on time 4/4... [4.5s]

[1] "Wed Aug 13 16:58:18 2025"
Processing outcome: moud_period, shift_3: 593.604 sec elapsed
There were 50 or more warnings (use warnings() to see the first 50)
