── Attaching core tidyverse packages ──────────────────────── tidyverse 2.0.0 ──
✔ dplyr     1.1.3     ✔ readr     2.1.4
✔ forcats   1.0.0     ✔ stringr   1.5.1
✔ ggplot2   3.4.3     ✔ tibble    3.2.1
✔ lubridate 1.9.2     ✔ tidyr     1.3.0
✔ purrr     1.0.4     
── Conflicts ────────────────────────────────────────── tidyverse_conflicts() ──
✖ dplyr::filter() masks stats::filter()
✖ dplyr::lag()    masks stats::lag()
ℹ Use the conflicted package (<http://conflicted.r-lib.org/>) to force all conflicts to become errors

Attaching package: ‘gridExtra’

The following object is masked from ‘package:dplyr’:

    combine

Error in `rename()`:
! Can't rename columns that don't exist.
✖ Column `conf.low` doesn't exist.
Backtrace:
     ▆
  1. ├─global plot_survdiff("oud_hillary_period", "other")
  2. │ ├─dplyr::mutate(...)
  3. │ ├─base::rbind(...)
  4. │ ├─dplyr::mutate(...)
  5. │ └─global combine_contrasts(outcome, "shift_1", c_section_identifier)
  6. │   ├─dplyr::select(...)
  7. │   ├─dplyr::mutate(...)
  8. │   ├─dplyr::rename(results_contrast, old.conf.low = conf.low, old.conf.high = conf.high)
  9. │   └─dplyr:::rename.data.frame(results_contrast, old.conf.low = conf.low, old.conf.high = conf.high)
 10. │     └─tidyselect::eval_rename(expr(c(...)), .data)
 11. │       └─tidyselect:::rename_impl(...)
 12. │         └─tidyselect:::eval_select_impl(...)
 13. │           ├─tidyselect:::with_subscript_errors(...)
 14. │           │ └─rlang::try_fetch(...)
 15. │           │   └─base::withCallingHandlers(...)
 16. │           └─tidyselect:::vars_select_eval(...)
 17. │             └─tidyselect:::walk_data_tree(expr, data_mask, context_mask)
 18. │               └─tidyselect:::eval_c(expr, data_mask, context_mask)
 19. │                 └─tidyselect:::reduce_sels(node, data_mask, context_mask, init = init)
 20. │                   └─tidyselect:::walk_data_tree(new, data_mask, context_mask)
 21. │                     └─tidyselect:::as_indices_sel_impl(...)
 22. │                       └─tidyselect:::as_indices_impl(...)
 23. │                         └─tidyselect:::chr_as_locations(x, vars, call = call, arg = arg)
 24. │                           └─vctrs::vec_as_location(...)
 25. └─vctrs (local) `<fn>`()
 26.   └─vctrs:::stop_subscript_oob(...)
 27.     └─vctrs:::stop_subscript(...)
 28.       └─rlang::abort(...)
Execution halted
