── Attaching core tidyverse packages ──────────────────────── tidyverse 2.0.0 ──
✔ dplyr     1.1.3     ✔ readr     2.1.4
✔ forcats   1.0.0     ✔ stringr   1.5.1
✔ ggplot2   3.4.3     ✔ tibble    3.2.1
✔ lubridate 1.9.2     ✔ tidyr     1.3.0
✔ purrr     1.0.4     
── Conflicts ────────────────────────────────────────── tidyverse_conflicts() ──
✖ dplyr::filter() masks stats::filter()
✖ dplyr::lag()    masks stats::lag()
ℹ Use the conflicted package (<http://conflicted.r-lib.org/>) to force all conflicts to become errors

Attaching package: ‘xgboost’

The following object is masked from ‘package:dplyr’:

    slice

Loading required package: Formula
Loading required package: plotmo
Loading required package: plotrix
Loading required package: TeachingDemos

Attaching package: ‘arrow’

The following object is masked from ‘package:lubridate’:

    duration

The following object is masked from ‘package:utils’:

    timestamp

[1] "CF_folds: 4, Version: earth, oud_period"
ℹ Working on time 1/4...
ℹ Working on time 3/4...
✔ Working on time 4/4... [4.5s]

Loading required package: nnls
Loading required namespace: earth
Loading required package: nnls
Loading required namespace: earth
Loading required package: nnls
Loading required namespace: earth
Loading required package: nnls
Loading required namespace: earth
[1] "Wed Aug 13 16:30:58 2025"
Processing outcome: oud_period, observed: 328.875 sec elapsed
ℹ Working on time 1/4...
ℹ Working on time 1/4...
ℹ Working on time 4/4...
✔ Working on time 4/4... [5.1s]

[1] "Wed Aug 13 16:40:28 2025"
Processing outcome: oud_period, shift_1: 582.704 sec elapsed
ℹ Working on time 1/4...
ℹ Working on time 3/4...
✔ Working on time 4/4... [5.3s]

[1] "Wed Aug 13 16:48:36 2025"
Processing outcome: oud_period, shift_2: 488.538 sec elapsed
ℹ Working on time 1/4...
ℹ Working on time 1/4...
ℹ Working on time 3/4...
✔ Working on time 4/4... [5.6s]

[1] "Wed Aug 13 16:58:29 2025"
Processing outcome: oud_period, shift_3: 592.314 sec elapsed
There were 50 or more warnings (use warnings() to see the first 50)
