── Attaching core tidyverse packages ──────────────────────── tidyverse 2.0.0 ──
✔ dplyr     1.1.3     ✔ readr     2.1.4
✔ forcats   1.0.0     ✔ stringr   1.5.1
✔ ggplot2   3.4.3     ✔ tibble    3.2.1
✔ lubridate 1.9.2     ✔ tidyr     1.3.0
✔ purrr     1.0.4     
── Conflicts ────────────────────────────────────────── tidyverse_conflicts() ──
✖ dplyr::filter() masks stats::filter()
✖ dplyr::lag()    masks stats::lag()
ℹ Use the conflicted package (<http://conflicted.r-lib.org/>) to force all conflicts to become errors

Attaching package: ‘arrow’

The following object is masked from ‘package:lubridate’:

    duration

The following object is masked from ‘package:utils’:

    timestamp

[1] "CF_folds: 4, Version: earth, oud_hillary_period"
ℹ Working on time 1/4...
ℹ Working on time 2/4...
ℹ Working on time 4/4...
✔ Working on time 4/4... [5.8s]

Loading required package: nnls
Loading required namespace: earth
Loading required package: nnls
Loading required namespace: earth
Loading required package: nnls
Loading required namespace: earth
Loading required package: nnls
Loading required namespace: earth
[1] "Wed Aug 13 13:53:05 2025"
Processing outcome: oud_hillary_period, observed: 372.991 sec elapsed
ℹ Working on time 1/4...
ℹ Working on time 1/4...
ℹ Working on time 4/4...
✔ Working on time 4/4... [5.3s]

[1] "Wed Aug 13 14:06:52 2025"
Processing outcome: oud_hillary_period, shift_1: 843.591 sec elapsed
ℹ Working on time 1/4...
ℹ Working on time 1/4...
ℹ Working on time 3/4...
✔ Working on time 4/4... [5.4s]

[1] "Wed Aug 13 14:17:37 2025"
Processing outcome: oud_hillary_period, shift_2: 644.248 sec elapsed
ℹ Working on time 1/4...
ℹ Working on time 1/4...
ℹ Working on time 3/4...
✔ Working on time 4/4... [5.8s]

[1] "Wed Aug 13 14:30:47 2025"
Processing outcome: oud_hillary_period, shift_3: 789.407 sec elapsed
There were 50 or more warnings (use warnings() to see the first 50)
