── Attaching core tidyverse packages ──────────────────────── tidyverse 2.0.0 ──
✔ dplyr     1.1.3     ✔ readr     2.1.4
✔ forcats   1.0.0     ✔ stringr   1.5.1
✔ ggplot2   3.4.3     ✔ tibble    3.2.1
✔ lubridate 1.9.2     ✔ tidyr     1.3.0
✔ purrr     1.0.4     
── Conflicts ────────────────────────────────────────── tidyverse_conflicts() ──
✖ dplyr::filter() masks stats::filter()
✖ dplyr::lag()    masks stats::lag()
ℹ Use the conflicted package (<http://conflicted.r-lib.org/>) to force all conflicts to become errors

Attaching package: ‘arrow’

The following object is masked from ‘package:lubridate’:

    duration

The following object is masked from ‘package:utils’:

    timestamp

[1] "CF_folds: 4, Version: earth, moud_period"
ℹ Working on time 1/4...
ℹ Working on time 1/4...
ℹ Working on time 3/4...
ℹ Working on time 4/4...
✔ Working on time 4/4... [7.1s]

Loading required package: nnls
Loading required namespace: earth
Loading required package: nnls
Loading required namespace: earth
Loading required package: nnls
Loading required namespace: earth
Loading required package: nnls
Loading required namespace: earth
[1] "Wed Aug 13 13:52:30 2025"
Processing outcome: moud_period, observed: 328.578 sec elapsed
ℹ Working on time 1/4...
ℹ Working on time 2/4...
ℹ Working on time 4/4...
✔ Working on time 4/4... [5.1s]

[1] "Wed Aug 13 14:05:43 2025"
Processing outcome: moud_period, shift_1: 808.192 sec elapsed
ℹ Working on time 1/4...
ℹ Working on time 1/4...
ℹ Working on time 4/4...
✔ Working on time 4/4... [5.3s]

[1] "Wed Aug 13 14:15:57 2025"
Processing outcome: moud_period, shift_2: 613.585 sec elapsed
ℹ Working on time 1/4...
ℹ Working on time 2/4...
ℹ Working on time 4/4...
✔ Working on time 4/4... [5.4s]

[1] "Wed Aug 13 14:29:13 2025"
Processing outcome: moud_period, shift_3: 796.458 sec elapsed
There were 50 or more warnings (use warnings() to see the first 50)
